Using pre-set license
Built from '2021.1/staging' branch; Version is '2021.1.2f1 (e5d502d80fbb) revision 15062274'; Using compiler version '192528614'; Build Type 'Release'
OS: 'Windows 10 Home Single Language; OS build 19041.928; Version 2004; 64bit' Language: 'en' Physical Memory: 8078 MB
BatchMode: 1, IsHumanControllingUs: 0, StartBugReporterOnCrash: 0, Is64bit: 1, IsPro: 0

 COMMAND LINE ARGUMENTS:
E:\cod\2021.1.2f1\Editor\Unity.exe
-adb2
-batchMode
-noUpm
-name
AssetImportWorker5
-projectPath
E:/Swach/Swachh
-logFile
Logs/AssetImportWorker5.log
-srvPort
53319
Successfully changed project path to: E:/Swach/Swachh
E:/Swach/Swachh
Using Asset Import Pipeline V2.
Refreshing native plugins compatible for Editor in 433.93 ms, found 1 plugins.
Preloading 0 native plugins for Editor in 0.00 ms.
Initialize engine version: 2021.1.2f1 (e5d502d80fbb)
[Subsystems] Discovering subsystems at path E:/cod/2021.1.2f1/Editor/Data/Resources/UnitySubsystems
[Subsystems] Discovering subsystems at path E:/Swach/Swachh/Assets
GfxDevice: creating device client; threaded=0; jobified=0
Direct3D:
    Version:  Direct3D 11.0 [level 11.1]
    Renderer: Intel(R) UHD Graphics 620 (ID=0x3ea0)
    Vendor:   Intel
    VRAM:     4039 MB
    Driver:   27.20.100.8935
Initialize mono
Mono path[0] = 'E:/cod/2021.1.2f1/Editor/Data/Managed'
Mono path[1] = 'E:/cod/2021.1.2f1/Editor/Data/MonoBleedingEdge/lib/mono/unityjit'
Mono config path = 'E:/cod/2021.1.2f1/Editor/Data/MonoBleedingEdge/etc'
Using monoOptions --debugger-agent=transport=dt_socket,embedding=1,server=y,suspend=n,address=127.0.0.1:56360
Begin MonoManager ReloadAssembly
Registering precompiled unity dll's ...
Register platform support module: E:/cod/2021.1.2f1/Editor/Data/PlaybackEngines/WindowsStandaloneSupport/UnityEditor.WindowsStandalone.Extensions.dll
Registered in 0.014586 seconds.
Native extension for WindowsStandalone target not found
Refreshing native plugins compatible for Editor in 360.26 ms, found 1 plugins.
Preloading 0 native plugins for Editor in 0.00 ms.
Mono: successfully reloaded assembly
- Completed reload, in  5.374 seconds
Platform modules already initialized, skipping
Registering precompiled user dll's ...
Registered in 0.010801 seconds.
Begin MonoManager ReloadAssembly
Native extension for WindowsStandalone target not found
Refreshing native plugins compatible for Editor in 1.90 ms, found 1 plugins.
Preloading 0 native plugins for Editor in 0.00 ms.
Mono: successfully reloaded assembly
- Completed reload, in  5.532 seconds
Platform modules already initialized, skipping
========================================================================
Worker process is ready to serve import requests
Launched and connected shader compiler UnityShaderCompiler.exe after 1.15 seconds
Refreshing native plugins compatible for Editor in 1.47 ms, found 1 plugins.
Preloading 0 native plugins for Editor in 0.00 ms.
Unloading 2665 Unused Serialized files (Serialized files now loaded: 0)
System memory in use before: 98.2 MB.
System memory in use after: 98.3 MB.

Unloading 15 unused Assets to reduce memory usage. Loaded Objects now: 3117.
Total: 11.302500 ms (FindLiveObjects: 0.845700 ms CreateObjectMapping: 0.494300 ms MarkObjects: 9.343000 ms  DeleteObjects: 0.611200 ms)

========================================================================
Received Import Request.
  path: Assets/New Material.mat
  artifactKey: Guid(7003d17c3e3b2a5489a911bf49d69c2a) Importer(815301076,1909f56bfc062723c751e8b465ee728b)
Start importing Assets/New Material.mat using Guid(7003d17c3e3b2a5489a911bf49d69c2a) Importer(815301076,1909f56bfc062723c751e8b465ee728b)  -> (artifact id: 'd73c0c8226266cc3ac1e045ec9c28c12') in 13.457474 seconds 
========================================================================
Received Import Request.
  Time since last request: 1854.544789 seconds.
  path: Assets/untitled.obj
  artifactKey: Guid(bdb3c8feb3eba5f4d827505172a8a869) Importer(815301076,1909f56bfc062723c751e8b465ee728b)
Start importing Assets/untitled.obj using Guid(bdb3c8feb3eba5f4d827505172a8a869) Importer(815301076,1909f56bfc062723c751e8b465ee728b)  -> (artifact id: '3d01a96a0cc95168eae16915db5a1290') in 4.915483 seconds 
========================================================================
Received Import Request.
  Time since last request: 440.947932 seconds.
  path: Assets/untitled.obj
  artifactKey: Guid(bdb3c8feb3eba5f4d827505172a8a869) Importer(815301076,1909f56bfc062723c751e8b465ee728b)
Start importing Assets/untitled.obj using Guid(bdb3c8feb3eba5f4d827505172a8a869) Importer(815301076,1909f56bfc062723c751e8b465ee728b)  -> (artifact id: '1bca06222fa08f76987c660929109394') in 0.102080 seconds 
========================================================================
Received Import Request.
  Time since last request: 119.421857 seconds.
  path: Assets
  artifactKey: Guid(00000000000000001000000000000000) Importer(815301076,1909f56bfc062723c751e8b465ee728b)
Start importing Assets using Guid(00000000000000001000000000000000) Importer(815301076,1909f56bfc062723c751e8b465ee728b)  -> (artifact id: '3a3c96ab4986816b7b77dea28d49d6a8') in 0.009373 seconds 
========================================================================
Received Import Request.
  Time since last request: 331.837407 seconds.
  path: Assets/New Material 1.mat
  artifactKey: Guid(91803e6f5407a004289b2031e41f74b4) Importer(815301076,1909f56bfc062723c751e8b465ee728b)
Start importing Assets/New Material 1.mat using Guid(91803e6f5407a004289b2031e41f74b4) Importer(815301076,1909f56bfc062723c751e8b465ee728b)  -> (artifact id: '6a5b663e21e6f0033096f8239c959e2f') in 0.047387 seconds 
========================================================================
Received Import Request.
  Time since last request: 865.450196 seconds.
  path: Assets/New Material 1.mat
  artifactKey: Guid(91803e6f5407a004289b2031e41f74b4) Importer(815301076,1909f56bfc062723c751e8b465ee728b)
Start importing Assets/New Material 1.mat using Guid(91803e6f5407a004289b2031e41f74b4) Importer(815301076,1909f56bfc062723c751e8b465ee728b)  -> (artifact id: '263287fef000a30dd90ea82335113133') in 0.109302 seconds 
========================================================================
Received Import Request.
  Time since last request: 99.125384 seconds.
  path: Assets/New Material 2.mat
  artifactKey: Guid(40ca1564bde6c5c49afb6201842790d8) Importer(815301076,1909f56bfc062723c751e8b465ee728b)
Start importing Assets/New Material 2.mat using Guid(40ca1564bde6c5c49afb6201842790d8) Importer(815301076,1909f56bfc062723c751e8b465ee728b)  -> (artifact id: '3204666f66658b1f305c87f010188d07') in 0.029737 seconds 
========================================================================
Received Import Request.
  Time since last request: 87.122228 seconds.
  path: Assets/New Material 2.mat
  artifactKey: Guid(40ca1564bde6c5c49afb6201842790d8) Importer(815301076,1909f56bfc062723c751e8b465ee728b)
Start importing Assets/New Material 2.mat using Guid(40ca1564bde6c5c49afb6201842790d8) Importer(815301076,1909f56bfc062723c751e8b465ee728b)  -> (artifact id: 'e53227622b1dfb36a37527b39771c0c3') in 0.020383 seconds 
========================================================================
Received Import Request.
  Time since last request: 41.986362 seconds.
  path: Assets/New Material 3.mat
  artifactKey: Guid(03664b9de77af6944bff3a6959c52652) Importer(815301076,1909f56bfc062723c751e8b465ee728b)
Start importing Assets/New Material 3.mat using Guid(03664b9de77af6944bff3a6959c52652) Importer(815301076,1909f56bfc062723c751e8b465ee728b)  -> (artifact id: '2e64901ec4f036941ea77fc2ea0d7b07') in 0.041466 seconds 
========================================================================
Received Import Request.
  Time since last request: 130.884815 seconds.
  path: Assets/New Material 3.mat
  artifactKey: Guid(03664b9de77af6944bff3a6959c52652) Importer(815301076,1909f56bfc062723c751e8b465ee728b)
Start importing Assets/New Material 3.mat using Guid(03664b9de77af6944bff3a6959c52652) Importer(815301076,1909f56bfc062723c751e8b465ee728b)  -> (artifact id: '6222bb5c0556aa0c7cdb3940cb2cf315') in 0.039653 seconds 
========================================================================
Received Import Request.
  Time since last request: 668.047439 seconds.
  path: Assets/player.cs
  artifactKey: Guid(6925c77253ba73642bdc4ce7064ac5f3) Importer(815301076,1909f56bfc062723c751e8b465ee728b)
Start importing Assets/player.cs using Guid(6925c77253ba73642bdc4ce7064ac5f3) Importer(815301076,1909f56bfc062723c751e8b465ee728b)  -> (artifact id: '3e5f3db4972b93551f198fc43bec0211') in 0.731506 seconds 
========================================================================
Received Prepare
Registering precompiled user dll's ...
Registered in 0.016308 seconds.
Begin MonoManager ReloadAssembly
Native extension for WindowsStandalone target not found
Refreshing native plugins compatible for Editor in 40.64 ms, found 1 plugins.
Preloading 0 native plugins for Editor in 0.00 ms.
Mono: successfully reloaded assembly
- Completed reload, in 43.902 seconds
Platform modules already initialized, skipping
Refreshing native plugins compatible for Editor in 0.51 ms, found 1 plugins.
Preloading 0 native plugins for Editor in 0.00 ms.
Unloading 2661 Unused Serialized files (Serialized files now loaded: 0)
System memory in use before: 102.1 MB.
System memory in use after: 102.3 MB.

Unloading 10 unused Assets to reduce memory usage. Loaded Objects now: 3164.
Total: 65.476400 ms (FindLiveObjects: 35.687500 ms CreateObjectMapping: 0.199000 ms MarkObjects: 29.469700 ms  DeleteObjects: 0.117800 ms)

========================================================================
Received Import Request.
  Time since last request: 551.102506 seconds.
  path: Assets/player.cs
  artifactKey: Guid(6925c77253ba73642bdc4ce7064ac5f3) Importer(815301076,1909f56bfc062723c751e8b465ee728b)
Start importing Assets/player.cs using Guid(6925c77253ba73642bdc4ce7064ac5f3) Importer(815301076,1909f56bfc062723c751e8b465ee728b)  -> (artifact id: 'fa036b6e5ad346564086e951455fe675') in 0.009613 seconds 
========================================================================
Received Import Request.
  Time since last request: 49.704883 seconds.
  path: Assets/player.cs
  artifactKey: Guid(6925c77253ba73642bdc4ce7064ac5f3) Importer(815301076,1909f56bfc062723c751e8b465ee728b)
Start importing Assets/player.cs using Guid(6925c77253ba73642bdc4ce7064ac5f3) Importer(815301076,1909f56bfc062723c751e8b465ee728b)  -> (artifact id: 'ea1fbeb042d5bcc382da06711d7abf5f') in 0.003039 seconds 
========================================================================
Received Prepare
Registering precompiled user dll's ...
Registered in 0.074287 seconds.
Begin MonoManager ReloadAssembly
Native extension for WindowsStandalone target not found
Refreshing native plugins compatible for Editor in 1.08 ms, found 1 plugins.
Preloading 0 native plugins for Editor in 0.00 ms.
Mono: successfully reloaded assembly
- Completed reload, in  1.241 seconds
Platform modules already initialized, skipping
Refreshing native plugins compatible for Editor in 1.41 ms, found 1 plugins.
Preloading 0 native plugins for Editor in 0.00 ms.
Unloading 2661 Unused Serialized files (Serialized files now loaded: 0)
System memory in use before: 102.2 MB.
System memory in use after: 102.4 MB.

Unloading 10 unused Assets to reduce memory usage. Loaded Objects now: 3167.
Total: 9.586800 ms (FindLiveObjects: 0.764800 ms CreateObjectMapping: 0.446300 ms MarkObjects: 8.172200 ms  DeleteObjects: 0.199100 ms)

========================================================================
Received Import Request.
  Time since last request: 131.721531 seconds.
  path: Assets/player.cs
  artifactKey: Guid(6925c77253ba73642bdc4ce7064ac5f3) Importer(815301076,1909f56bfc062723c751e8b465ee728b)
Start importing Assets/player.cs using Guid(6925c77253ba73642bdc4ce7064ac5f3) Importer(815301076,1909f56bfc062723c751e8b465ee728b)  -> (artifact id: 'f7300e5e02cca9df85f74dac84a24d4f') in 0.011495 seconds 
========================================================================
Received Prepare
Registering precompiled user dll's ...
Registered in 0.002252 seconds.
Begin MonoManager ReloadAssembly
Native extension for WindowsStandalone target not found
Refreshing native plugins compatible for Editor in 0.52 ms, found 1 plugins.
Preloading 0 native plugins for Editor in 0.00 ms.
Mono: successfully reloaded assembly
- Completed reload, in  1.409 seconds
Platform modules already initialized, skipping
Refreshing native plugins compatible for Editor in 0.53 ms, found 1 plugins.
Preloading 0 native plugins for Editor in 0.00 ms.
Unloading 2661 Unused Serialized files (Serialized files now loaded: 0)
System memory in use before: 102.2 MB.
System memory in use after: 102.4 MB.

Unloading 10 unused Assets to reduce memory usage. Loaded Objects now: 3170.
Total: 4.433800 ms (FindLiveObjects: 0.568500 ms CreateObjectMapping: 0.454200 ms MarkObjects: 3.320700 ms  DeleteObjects: 0.088600 ms)

========================================================================
Received Prepare
Registering precompiled user dll's ...
Registered in 0.003035 seconds.
Begin MonoManager ReloadAssembly
Native extension for WindowsStandalone target not found
Refreshing native plugins compatible for Editor in 1.14 ms, found 1 plugins.
Preloading 0 native plugins for Editor in 0.00 ms.
Mono: successfully reloaded assembly
- Completed reload, in  1.206 seconds
Platform modules already initialized, skipping
Refreshing native plugins compatible for Editor in 1.49 ms, found 1 plugins.
Preloading 0 native plugins for Editor in 0.00 ms.
Unloading 2661 Unused Serialized files (Serialized files now loaded: 0)
System memory in use before: 102.2 MB.
System memory in use after: 102.4 MB.

Unloading 10 unused Assets to reduce memory usage. Loaded Objects now: 3173.
Total: 9.320700 ms (FindLiveObjects: 0.758000 ms CreateObjectMapping: 0.435900 ms MarkObjects: 7.981000 ms  DeleteObjects: 0.141100 ms)

========================================================================
Received Prepare
Registering precompiled user dll's ...
Registered in 0.002758 seconds.
Begin MonoManager ReloadAssembly
Native extension for WindowsStandalone target not found
Refreshing native plugins compatible for Editor in 0.74 ms, found 1 plugins.
Preloading 0 native plugins for Editor in 0.00 ms.
Mono: successfully reloaded assembly
- Completed reload, in  1.096 seconds
Platform modules already initialized, skipping
Refreshing native plugins compatible for Editor in 0.88 ms, found 1 plugins.
Preloading 0 native plugins for Editor in 0.00 ms.
Unloading 2661 Unused Serialized files (Serialized files now loaded: 0)
System memory in use before: 102.2 MB.
System memory in use after: 102.4 MB.

Unloading 10 unused Assets to reduce memory usage. Loaded Objects now: 3176.
Total: 3.723300 ms (FindLiveObjects: 0.559700 ms CreateObjectMapping: 0.326000 ms MarkObjects: 2.768800 ms  DeleteObjects: 0.067600 ms)

========================================================================
Received Prepare
Registering precompiled user dll's ...
Registered in 0.002421 seconds.
Begin MonoManager ReloadAssembly
Native extension for WindowsStandalone target not found
Refreshing native plugins compatible for Editor in 0.82 ms, found 1 plugins.
Preloading 0 native plugins for Editor in 0.00 ms.
Mono: successfully reloaded assembly
- Completed reload, in  1.202 seconds
Platform modules already initialized, skipping
Refreshing native plugins compatible for Editor in 0.50 ms, found 1 plugins.
Preloading 0 native plugins for Editor in 0.00 ms.
Unloading 2662 Unused Serialized files (Serialized files now loaded: 0)
System memory in use before: 102.3 MB.
System memory in use after: 102.5 MB.

Unloading 10 unused Assets to reduce memory usage. Loaded Objects now: 3180.
Total: 3.153200 ms (FindLiveObjects: 0.307000 ms CreateObjectMapping: 0.200200 ms MarkObjects: 2.543600 ms  DeleteObjects: 0.100600 ms)

========================================================================
Received Import Request.
  Time since last request: 667.814180 seconds.
  path: Assets/MouseLook.cs
  artifactKey: Guid(9288b7c637b95bb41aee42e3b423f89d) Importer(815301076,1909f56bfc062723c751e8b465ee728b)
Start importing Assets/MouseLook.cs using Guid(9288b7c637b95bb41aee42e3b423f89d) Importer(815301076,1909f56bfc062723c751e8b465ee728b)  -> (artifact id: 'b5aa7e0327fad188080dd141fc4582f6') in 0.005621 seconds 
========================================================================
Received Prepare
Registering precompiled user dll's ...
Registered in 0.006569 seconds.
Begin MonoManager ReloadAssembly
Native extension for WindowsStandalone target not found
Refreshing native plugins compatible for Editor in 3.30 ms, found 1 plugins.
Preloading 0 native plugins for Editor in 0.00 ms.
Mono: successfully reloaded assembly
- Completed reload, in  4.020 seconds
Platform modules already initialized, skipping
Refreshing native plugins compatible for Editor in 0.72 ms, found 1 plugins.
Preloading 0 native plugins for Editor in 0.00 ms.
Unloading 2662 Unused Serialized files (Serialized files now loaded: 0)
System memory in use before: 102.3 MB.
System memory in use after: 102.5 MB.

Unloading 10 unused Assets to reduce memory usage. Loaded Objects now: 3183.
Total: 3.914000 ms (FindLiveObjects: 0.562300 ms CreateObjectMapping: 0.397400 ms MarkObjects: 2.865400 ms  DeleteObjects: 0.087900 ms)

========================================================================
Received Import Request.
  Time since last request: 2253.808718 seconds.
  path: Assets/New Material 4.mat
  artifactKey: Guid(875875761968c304b815ad9639cafb85) Importer(815301076,1909f56bfc062723c751e8b465ee728b)
Start importing Assets/New Material 4.mat using Guid(875875761968c304b815ad9639cafb85) Importer(815301076,1909f56bfc062723c751e8b465ee728b)  -> (artifact id: 'd10d3b71b6aeafea33c56de946b56a02') in 2.847334 seconds 
========================================================================
Received Import Request.
  Time since last request: 408.778995 seconds.
  path: Assets/New Material 4.mat
  artifactKey: Guid(875875761968c304b815ad9639cafb85) Importer(815301076,1909f56bfc062723c751e8b465ee728b)
Start importing Assets/New Material 4.mat using Guid(875875761968c304b815ad9639cafb85) Importer(815301076,1909f56bfc062723c751e8b465ee728b)  -> (artifact id: 'e38031012a166de59eafa403264c4dac') in 0.040709 seconds 
========================================================================
Received Import Request.
  Time since last request: 14.935134 seconds.
  path: Assets/New Material 5.mat
  artifactKey: Guid(67756af52671cae4c86c45b823c82186) Importer(815301076,1909f56bfc062723c751e8b465ee728b)
Start importing Assets/New Material 5.mat using Guid(67756af52671cae4c86c45b823c82186) Importer(815301076,1909f56bfc062723c751e8b465ee728b)  -> (artifact id: '990084632d38172410a7b696d0d2fd55') in 0.028006 seconds 
========================================================================
Received Import Request.
  Time since last request: 16.019193 seconds.
  path: Assets/New Material 5.mat
  artifactKey: Guid(67756af52671cae4c86c45b823c82186) Importer(815301076,1909f56bfc062723c751e8b465ee728b)
Start importing Assets/New Material 5.mat using Guid(67756af52671cae4c86c45b823c82186) Importer(815301076,1909f56bfc062723c751e8b465ee728b)  -> (artifact id: 'bf5d807b1a9e74c427d38b655f10cec9') in 0.052955 seconds 
AssetImportWorkerClient::OnTransportError - code=2 error=End of file
